<?xml version="1.0" encoding="UTF-8"?>
<!-- Generated by org.testng.reporters.JUnitXMLReporter -->
<testsuite hostname="Digitals-MBP-2" ignored="0" name="Basic Tests" tests="1" failures="1" timestamp="02 Oct 2019 05:59:17 GMT" time="12.514" errors="0">
  <testcase name="test_1" time="12.487" classname="ParallelTest.TestParallel">
    <failure type="org.openqa.selenium.NoSuchElementException" message="
For documentation on this error, please visit: https://www.seleniumhq.org/exceptions/no_such_element.html
Build info: version: &amp;apos;3.141.59&amp;apos;, revision: &amp;apos;e82be7d358&amp;apos;, time: &amp;apos;2018-11-14T08:25:48&amp;apos;
System info: host: &amp;apos;Digitals-MBP-2&amp;apos;, ip: &amp;apos;fe80:0:0:0:412:8398:3c78:89b1%en0&amp;apos;, os.name: &amp;apos;Mac OS X&amp;apos;, os.arch: &amp;apos;x86_64&amp;apos;, os.version: &amp;apos;10.14.3&amp;apos;, java.version: &amp;apos;1.8.0_221&amp;apos;
Driver info: org.openqa.selenium.safari.SafariDriver
Capabilities {acceptInsecureCerts: false, browserName: Safari, browserVersion: 12.0.3, javascriptEnabled: true, platform: MAC, platformName: MAC, setWindowRect: true}
Session ID: 4CE26250-AEB0-41B7-914A-6924A0FD6F8E
*** Element info: {Using=xpath, value=//*[@id=&amp;quot;navbtn_examples&amp;quot;]}">
      <![CDATA[org.openqa.selenium.NoSuchElementException: 
For documentation on this error, please visit: https://www.seleniumhq.org/exceptions/no_such_element.html
Build info: version: '3.141.59', revision: 'e82be7d358', time: '2018-11-14T08:25:48'
System info: host: 'Digitals-MBP-2', ip: 'fe80:0:0:0:412:8398:3c78:89b1%en0', os.name: 'Mac OS X', os.arch: 'x86_64', os.version: '10.14.3', java.version: '1.8.0_221'
Driver info: org.openqa.selenium.safari.SafariDriver
Capabilities {acceptInsecureCerts: false, browserName: Safari, browserVersion: 12.0.3, javascriptEnabled: true, platform: MAC, platformName: MAC, setWindowRect: true}
Session ID: 4CE26250-AEB0-41B7-914A-6924A0FD6F8E
*** Element info: {Using=xpath, value=//*[@id="navbtn_examples"]}
	at org.openqa.selenium.remote.http.W3CHttpResponseCodec.createException(W3CHttpResponseCodec.java:187)
	at org.openqa.selenium.remote.http.W3CHttpResponseCodec.decode(W3CHttpResponseCodec.java:122)
	at org.openqa.selenium.remote.http.W3CHttpResponseCodec.decode(W3CHttpResponseCodec.java:49)
	at org.openqa.selenium.remote.HttpCommandExecutor.execute(HttpCommandExecutor.java:158)
	at org.openqa.selenium.remote.service.DriverCommandExecutor.execute(DriverCommandExecutor.java:83)
	at org.openqa.selenium.remote.RemoteWebDriver.execute(RemoteWebDriver.java:552)
	at org.openqa.selenium.remote.RemoteWebDriver.findElement(RemoteWebDriver.java:323)
	at org.openqa.selenium.remote.RemoteWebDriver.findElementByXPath(RemoteWebDriver.java:428)
	at org.openqa.selenium.By$ByXPath.findElement(By.java:353)
	at org.openqa.selenium.remote.RemoteWebDriver.findElement(RemoteWebDriver.java:315)
	at ParallelTest.TestParallel.test_1(TestParallel.java:22)
... Removed 28 stack frames]]>
    </failure>
  </testcase> <!-- test_1 -->
</testsuite> <!-- Basic Tests -->
